<?xml version="1.0" encoding="UTF-8"?>
<testsuite xmlns:xsi="http://www.w3.org/2001/XMLSchema-instance" xsi:noNamespaceSchemaLocation="https://maven.apache.org/surefire/maven-surefire-plugin/xsd/surefire-test-report-3.0.xsd" version="3.0" name="FlightManagerTest" time="0.735" tests="5" errors="0" skipped="0" failures="0">
  <properties>
[...]
</properties>
  <testcase name="checkGateAvailabilityTest" classname="FlightManagerTest" time="0.654"/>
  <testcase name="getAllAirplanesTest" classname="FlightManagerTest" time="0.005"/>
  <testcase name="getAllAirportTest" classname="FlightManagerTest" time="0.003"/>
  <testcase name="registerFlightTest" classname="FlightManagerTest" time="0.007"/>
  <testcase name="testCalculateDistance" classname="FlightManagerTest" time="0.005"/>
</testsuite>